nov. 29, 2020 8:44:39 P. M. util.ErrorLogger log
SEVERE: com.mycompany.marketpluss.data.Producto_data.list
org.sqlite.SQLiteException: [SQLITE_ERROR] SQL error or missing database (no such table: producto)
	at org.sqlite.core.DB.newSQLException(DB.java:941)
	at org.sqlite.core.DB.newSQLException(DB.java:953)
	at org.sqlite.core.DB.throwex(DB.java:918)
	at org.sqlite.core.NativeDB.prepare_utf8(Native Method)
	at org.sqlite.core.NativeDB.prepare(NativeDB.java:134)
	at org.sqlite.core.DB.prepare(DB.java:257)
	at org.sqlite.jdbc3.JDBC3Statement.executeQuery(JDBC3Statement.java:73)
	at com.mycompany.marketpluss.data.Producto_data.list(Producto_data.java:120)
	at com.mycompany.marketpluss.gui.tablesModel.Productos_table_model.<init>(Productos_table_model.java:17)
	at com.mycompany.marketpluss.gui.complements.jPanels.JpProductos.<init>(JpProductos.java:27)
	at com.mycompany.marketpluss.gui.main.MarketPluss.btnProductosActionPerformed(MarketPluss.java:414)
	at com.mycompany.marketpluss.gui.main.MarketPluss$3.actionPerformed(MarketPluss.java:161)
	at java.desktop/javax.swing.AbstractButton.fireActionPerformed(AbstractButton.java:1967)
	at java.desktop/javax.swing.AbstractButton$Handler.actionPerformed(AbstractButton.java:2308)
	at java.desktop/javax.swing.DefaultButtonModel.fireActionPerformed(DefaultButtonModel.java:405)
	at java.desktop/javax.swing.DefaultButtonModel.setPressed(DefaultButtonModel.java:262)
	at java.desktop/javax.swing.plaf.basic.BasicButtonListener.mouseReleased(BasicButtonListener.java:279)
	at java.desktop/java.awt.AWTEventMulticaster.mouseReleased(AWTEventMulticaster.java:297)
	at java.desktop/java.awt.Component.processMouseEvent(Component.java:6636)
	at java.desktop/javax.swing.JComponent.processMouseEvent(JComponent.java:3342)
	at java.desktop/java.awt.Component.processEvent(Component.java:6401)
	at java.desktop/java.awt.Container.processEvent(Container.java:2263)
	at java.desktop/java.awt.Component.dispatchEventImpl(Component.java:5012)
	at java.desktop/java.awt.Container.dispatchEventImpl(Container.java:2321)
	at java.desktop/java.awt.Component.dispatchEvent(Component.java:4844)
	at java.desktop/java.awt.LightweightDispatcher.retargetMouseEvent(Container.java:4919)
	at java.desktop/java.awt.LightweightDispatcher.processMouseEvent(Container.java:4548)
	at java.desktop/java.awt.LightweightDispatcher.dispatchEvent(Container.java:4489)
	at java.desktop/java.awt.Container.dispatchEventImpl(Container.java:2307)
	at java.desktop/java.awt.Window.dispatchEventImpl(Window.java:2764)
	at java.desktop/java.awt.Component.dispatchEvent(Component.java:4844)
	at java.desktop/java.awt.EventQueue.dispatchEventImpl(EventQueue.java:772)
	at java.desktop/java.awt.EventQueue$4.run(EventQueue.java:721)
	at java.desktop/java.awt.EventQueue$4.run(EventQueue.java:715)
	at java.base/java.security.AccessController.doPrivileged(AccessController.java:391)
	at java.base/java.security.ProtectionDomain$JavaSecurityAccessImpl.doIntersectionPrivilege(ProtectionDomain.java:85)
	at java.base/java.security.ProtectionDomain$JavaSecurityAccessImpl.doIntersectionPrivilege(ProtectionDomain.java:95)
	at java.desktop/java.awt.EventQueue$5.run(EventQueue.java:745)
	at java.desktop/java.awt.EventQueue$5.run(EventQueue.java:743)
	at java.base/java.security.AccessController.doPrivileged(AccessController.java:391)
	at java.base/java.security.ProtectionDomain$JavaSecurityAccessImpl.doIntersectionPrivilege(ProtectionDomain.java:85)
	at java.desktop/java.awt.EventQueue.dispatchEvent(EventQueue.java:742)
	at java.desktop/java.awt.EventDispatchThread.pumpOneEventForFilters(EventDispatchThread.java:203)
	at java.desktop/java.awt.EventDispatchThread.pumpEventsForFilter(EventDispatchThread.java:124)
	at java.desktop/java.awt.EventDispatchThread.pumpEventsForHierarchy(EventDispatchThread.java:113)
	at java.desktop/java.awt.EventDispatchThread.pumpEvents(EventDispatchThread.java:109)
	at java.desktop/java.awt.EventDispatchThread.pumpEvents(EventDispatchThread.java:101)
	at java.desktop/java.awt.EventDispatchThread.run(EventDispatchThread.java:90)

nov. 29, 2020 8:50:10 P. M. util.ErrorLogger log
SEVERE: com.mycompany.marketpluss.data.Producto_data.list
org.sqlite.SQLiteException: [SQLITE_ERROR] SQL error or missing database (no such table: producto)
	at org.sqlite.core.DB.newSQLException(DB.java:941)
	at org.sqlite.core.DB.newSQLException(DB.java:953)
	at org.sqlite.core.DB.throwex(DB.java:918)
	at org.sqlite.core.NativeDB.prepare_utf8(Native Method)
	at org.sqlite.core.NativeDB.prepare(NativeDB.java:134)
	at org.sqlite.core.DB.prepare(DB.java:257)
	at org.sqlite.jdbc3.JDBC3Statement.executeQuery(JDBC3Statement.java:73)
	at com.mycompany.marketpluss.data.Producto_data.list(Producto_data.java:120)
	at com.mycompany.marketpluss.gui.tablesModel.Productos_table_model.<init>(Productos_table_model.java:17)
	at com.mycompany.marketpluss.gui.complements.jPanels.JpProductos.<init>(JpProductos.java:27)
	at com.mycompany.marketpluss.gui.main.MarketPluss.btnProductosActionPerformed(MarketPluss.java:414)
	at com.mycompany.marketpluss.gui.main.MarketPluss$3.actionPerformed(MarketPluss.java:161)
	at java.desktop/javax.swing.AbstractButton.fireActionPerformed(AbstractButton.java:1967)
	at java.desktop/javax.swing.AbstractButton$Handler.actionPerformed(AbstractButton.java:2308)
	at java.desktop/javax.swing.DefaultButtonModel.fireActionPerformed(DefaultButtonModel.java:405)
	at java.desktop/javax.swing.DefaultButtonModel.setPressed(DefaultButtonModel.java:262)
	at java.desktop/javax.swing.plaf.basic.BasicButtonListener.mouseReleased(BasicButtonListener.java:279)
	at java.desktop/java.awt.AWTEventMulticaster.mouseReleased(AWTEventMulticaster.java:297)
	at java.desktop/java.awt.Component.processMouseEvent(Component.java:6636)
	at java.desktop/javax.swing.JComponent.processMouseEvent(JComponent.java:3342)
	at java.desktop/java.awt.Component.processEvent(Component.java:6401)
	at java.desktop/java.awt.Container.processEvent(Container.java:2263)
	at java.desktop/java.awt.Component.dispatchEventImpl(Component.java:5012)
	at java.desktop/java.awt.Container.dispatchEventImpl(Container.java:2321)
	at java.desktop/java.awt.Component.dispatchEvent(Component.java:4844)
	at java.desktop/java.awt.LightweightDispatcher.retargetMouseEvent(Container.java:4919)
	at java.desktop/java.awt.LightweightDispatcher.processMouseEvent(Container.java:4548)
	at java.desktop/java.awt.LightweightDispatcher.dispatchEvent(Container.java:4489)
	at java.desktop/java.awt.Container.dispatchEventImpl(Container.java:2307)
	at java.desktop/java.awt.Window.dispatchEventImpl(Window.java:2764)
	at java.desktop/java.awt.Component.dispatchEvent(Component.java:4844)
	at java.desktop/java.awt.EventQueue.dispatchEventImpl(EventQueue.java:772)
	at java.desktop/java.awt.EventQueue$4.run(EventQueue.java:721)
	at java.desktop/java.awt.EventQueue$4.run(EventQueue.java:715)
	at java.base/java.security.AccessController.doPrivileged(AccessController.java:391)
	at java.base/java.security.ProtectionDomain$JavaSecurityAccessImpl.doIntersectionPrivilege(ProtectionDomain.java:85)
	at java.base/java.security.ProtectionDomain$JavaSecurityAccessImpl.doIntersectionPrivilege(ProtectionDomain.java:95)
	at java.desktop/java.awt.EventQueue$5.run(EventQueue.java:745)
	at java.desktop/java.awt.EventQueue$5.run(EventQueue.java:743)
	at java.base/java.security.AccessController.doPrivileged(AccessController.java:391)
	at java.base/java.security.ProtectionDomain$JavaSecurityAccessImpl.doIntersectionPrivilege(ProtectionDomain.java:85)
	at java.desktop/java.awt.EventQueue.dispatchEvent(EventQueue.java:742)
	at java.desktop/java.awt.EventDispatchThread.pumpOneEventForFilters(EventDispatchThread.java:203)
	at java.desktop/java.awt.EventDispatchThread.pumpEventsForFilter(EventDispatchThread.java:124)
	at java.desktop/java.awt.EventDispatchThread.pumpEventsForHierarchy(EventDispatchThread.java:113)
	at java.desktop/java.awt.EventDispatchThread.pumpEvents(EventDispatchThread.java:109)
	at java.desktop/java.awt.EventDispatchThread.pumpEvents(EventDispatchThread.java:101)
	at java.desktop/java.awt.EventDispatchThread.run(EventDispatchThread.java:90)

nov. 29, 2020 8:50:32 P. M. util.ErrorLogger log
SEVERE: com.mycompany.marketpluss.data.Producto_data.list
org.sqlite.SQLiteException: [SQLITE_ERROR] SQL error or missing database (no such table: producto)
	at org.sqlite.core.DB.newSQLException(DB.java:941)
	at org.sqlite.core.DB.newSQLException(DB.java:953)
	at org.sqlite.core.DB.throwex(DB.java:918)
	at org.sqlite.core.NativeDB.prepare_utf8(Native Method)
	at org.sqlite.core.NativeDB.prepare(NativeDB.java:134)
	at org.sqlite.core.DB.prepare(DB.java:257)
	at org.sqlite.jdbc3.JDBC3Statement.executeQuery(JDBC3Statement.java:73)
	at com.mycompany.marketpluss.data.Producto_data.list(Producto_data.java:120)
	at com.mycompany.marketpluss.gui.tablesModel.Productos_table_model.<init>(Productos_table_model.java:17)
	at com.mycompany.marketpluss.gui.complements.jPanels.JpProductos.<init>(JpProductos.java:27)
	at com.mycompany.marketpluss.gui.complements.jPanels.JpProductos.buttonClass1ActionPerformed(JpProductos.java:231)
	at com.mycompany.marketpluss.gui.complements.jPanels.JpProductos$1.actionPerformed(JpProductos.java:136)
	at java.desktop/javax.swing.AbstractButton.fireActionPerformed(AbstractButton.java:1967)
	at java.desktop/javax.swing.AbstractButton$Handler.actionPerformed(AbstractButton.java:2308)
	at java.desktop/javax.swing.DefaultButtonModel.fireActionPerformed(DefaultButtonModel.java:405)
	at java.desktop/javax.swing.DefaultButtonModel.setPressed(DefaultButtonModel.java:262)
	at java.desktop/javax.swing.plaf.basic.BasicButtonListener.mouseReleased(BasicButtonListener.java:279)
	at java.desktop/java.awt.AWTEventMulticaster.mouseReleased(AWTEventMulticaster.java:297)
	at java.desktop/java.awt.Component.processMouseEvent(Component.java:6636)
	at java.desktop/javax.swing.JComponent.processMouseEvent(JComponent.java:3342)
	at java.desktop/java.awt.Component.processEvent(Component.java:6401)
	at java.desktop/java.awt.Container.processEvent(Container.java:2263)
	at java.desktop/java.awt.Component.dispatchEventImpl(Component.java:5012)
	at java.desktop/java.awt.Container.dispatchEventImpl(Container.java:2321)
	at java.desktop/java.awt.Component.dispatchEvent(Component.java:4844)
	at java.desktop/java.awt.LightweightDispatcher.retargetMouseEvent(Container.java:4919)
	at java.desktop/java.awt.LightweightDispatcher.processMouseEvent(Container.java:4548)
	at java.desktop/java.awt.LightweightDispatcher.dispatchEvent(Container.java:4489)
	at java.desktop/java.awt.Container.dispatchEventImpl(Container.java:2307)
	at java.desktop/java.awt.Window.dispatchEventImpl(Window.java:2764)
	at java.desktop/java.awt.Component.dispatchEvent(Component.java:4844)
	at java.desktop/java.awt.EventQueue.dispatchEventImpl(EventQueue.java:772)
	at java.desktop/java.awt.EventQueue$4.run(EventQueue.java:721)
	at java.desktop/java.awt.EventQueue$4.run(EventQueue.java:715)
	at java.base/java.security.AccessController.doPrivileged(AccessController.java:391)
	at java.base/java.security.ProtectionDomain$JavaSecurityAccessImpl.doIntersectionPrivilege(ProtectionDomain.java:85)
	at java.base/java.security.ProtectionDomain$JavaSecurityAccessImpl.doIntersectionPrivilege(ProtectionDomain.java:95)
	at java.desktop/java.awt.EventQueue$5.run(EventQueue.java:745)
	at java.desktop/java.awt.EventQueue$5.run(EventQueue.java:743)
	at java.base/java.security.AccessController.doPrivileged(AccessController.java:391)
	at java.base/java.security.ProtectionDomain$JavaSecurityAccessImpl.doIntersectionPrivilege(ProtectionDomain.java:85)
	at java.desktop/java.awt.EventQueue.dispatchEvent(EventQueue.java:742)
	at java.desktop/java.awt.EventDispatchThread.pumpOneEventForFilters(EventDispatchThread.java:203)
	at java.desktop/java.awt.EventDispatchThread.pumpEventsForFilter(EventDispatchThread.java:124)
	at java.desktop/java.awt.EventDispatchThread.pumpEventsForHierarchy(EventDispatchThread.java:113)
	at java.desktop/java.awt.EventDispatchThread.pumpEvents(EventDispatchThread.java:109)
	at java.desktop/java.awt.EventDispatchThread.pumpEvents(EventDispatchThread.java:101)
	at java.desktop/java.awt.EventDispatchThread.run(EventDispatchThread.java:90)

